-----------------------------------------------


Iteration number: 1
Mean: [[4.  2.5]
 [1.  3. ]
 [1.  2. ]]
Covariance: [[[1.00000000e-06 1.18329136e-29]
  [1.18329136e-29 2.50001000e-01]]

 [[1.00000000e-06 1.47911420e-29]
  [1.47911420e-29 1.00000000e-06]]

 [[1.00000000e-06 9.86076132e-30]
  [9.86076132e-30 1.00000000e-06]]]
Weights: [0.5  0.25 0.25]
-----------------------------------------------


Iteration number: 2
Mean: [[1.  2.5]
 [4.  2. ]
 [4.  3. ]]
Covariance: [[[1.00000000e-06 2.95822839e-30]
  [2.95822839e-30 2.50001000e-01]]

 [[1.00000000e-06 3.94430453e-29]
  [3.94430453e-29 1.00000000e-06]]

 [[1.00000000e-06 5.91645679e-29]
  [5.91645679e-29 1.00000000e-06]]]
Weights: [0.5  0.25 0.25]
-----------------------------------------------


Iteration number: 3
Mean: [[4.  2. ]
 [1.  2.5]
 [4.  3. ]]
Covariance: [[[1.00000000e-06 3.94430453e-29]
  [3.94430453e-29 1.00000000e-06]]

 [[1.00000000e-06 2.95822839e-30]
  [2.95822839e-30 2.50001000e-01]]

 [[1.00000000e-06 5.91645679e-29]
  [5.91645679e-29 1.00000000e-06]]]
Weights: [0.25 0.5  0.25]
-----------------------------------------------


Iteration number: 4
Mean: [[1.  2. ]
 [4.  2.5]
 [1.  3. ]]
Covariance: [[[1.00000000e-06 9.86076132e-30]
  [9.86076132e-30 1.00000000e-06]]

 [[1.00000000e-06 1.18329136e-29]
  [1.18329136e-29 2.50001000e-01]]

 [[1.00000000e-06 1.47911420e-29]
  [1.47911420e-29 1.00000000e-06]]]
Weights: [0.25 0.5  0.25]
-----------------------------------------------


Iteration number: 5
Mean: [[1.  2.5]
 [4.  3. ]
 [4.  2. ]]
Covariance: [[[1.00000000e-06 2.95822839e-30]
  [2.95822839e-30 2.50001000e-01]]

 [[1.00000000e-06 5.91645679e-29]
  [5.91645679e-29 1.00000000e-06]]

 [[1.00000000e-06 3.94430453e-29]
  [3.94430453e-29 1.00000000e-06]]]
Weights: [0.5  0.25 0.25]
-----------------------------------------------


Model actually converged in iteration: 2
